# JRE version: Java(TM) SE Runtime Environment (8.0_31-b13) (build 1.8.0_31-b13)
# Java VM: Java HotSpot(TM) 64-Bit Server VM (25.31-b07 mixed mode windows-amd64 compressed oops)
Heap:
 PSYoungGen      total 170496K, used 157714K [0x00000000e0000000, 0x00000000ed600000, 0x0000000100000000)
  eden space 148480K, 100% used [0x00000000e0000000,0x00000000e9100000,0x00000000e9100000)
  from space 22016K, 41% used [0x00000000e9100000,0x00000000e9a04820,0x00000000ea680000)
  to   space 21504K, 36% used [0x00000000ec100000,0x00000000ec8a4030,0x00000000ed600000)
 ParOldGen       total 463360K, used 406068K [0x00000000a0000000, 0x00000000bc480000, 0x00000000e0000000)
  object space 463360K, 87% used [0x00000000a0000000,0x00000000b8c8d3a0,0x00000000bc480000)
 Metaspace       used 58556K, capacity 60874K, committed 61056K, reserved 1101824K
  class space    used 7999K, capacity 8486K, committed 8576K, reserved 1048576K
GC Heap History (10 events):
Event: 29.128 GC heap after
Heap after GC invocations=16 (full 2):
 PSYoungGen      total 154624K, used 14820K [0x00000000e0000000, 0x00000000eb900000, 0x0000000100000000)
  eden space 139776K, 0% used [0x00000000e0000000,0x00000000e0000000,0x00000000e8880000)
  from space 14848K, 99% used [0x00000000e9d00000,0x00000000eab79368,0x00000000eab80000)
  to   space 20992K, 0% used [0x00000000e8880000,0x00000000e8880000,0x00000000e9d00000)
 ParOldGen       total 97280K, used 31005K [0x00000000a0000000, 0x00000000a5f00000, 0x00000000e0000000)
  object space 97280K, 31% used [0x00000000a0000000,0x00000000a1e47598,0x00000000a5f00000)
 Metaspace       used 51003K, capacity 52674K, committed 52864K, reserved 1095680K
  class space    used 7096K, capacity 7431K, committed 7552K, reserved 1048576K
}
Event: 29.508 GC heap before
{Heap before GC invocations=17 (full 2):
 PSYoungGen      total 154624K, used 34808K [0x00000000e0000000, 0x00000000eb900000, 0x0000000100000000)
  eden space 139776K, 14% used [0x00000000e0000000,0x00000000e1384eb0,0x00000000e8880000)
  from space 14848K, 99% used [0x00000000e9d00000,0x00000000eab79368,0x00000000eab80000)
  to   space 20992K, 0% used [0x00000000e8880000,0x00000000e8880000,0x00000000e9d00000)
 ParOldGen       total 97280K, used 31005K [0x00000000a0000000, 0x00000000a5f00000, 0x00000000e0000000)
  object space 97280K, 31% used [0x00000000a0000000,0x00000000a1e47598,0x00000000a5f00000)
 Metaspace       used 51963K, capacity 53948K, committed 54016K, reserved 1095680K
  class space    used 7254K, capacity 7671K, committed 7680K, reserved 1048576K
Event: 29.548 GC heap after
Heap after GC invocations=17 (full 2):
 PSYoungGen      total 160768K, used 17429K [0x00000000e0000000, 0x00000000ebd00000, 0x0000000100000000)
  eden space 139776K, 0% used [0x00000000e0000000,0x00000000e0000000,0x00000000e8880000)
  from space 20992K, 83% used [0x00000000e8880000,0x00000000e9985728,0x00000000e9d00000)
  to   space 23040K, 0% used [0x00000000ea680000,0x00000000ea680000,0x00000000ebd00000)
 ParOldGen       total 97280K, used 31013K [0x00000000a0000000, 0x00000000a5f00000, 0x00000000e0000000)
  object space 97280K, 31% used [0x00000000a0000000,0x00000000a1e49598,0x00000000a5f00000)
 Metaspace       used 51963K, capacity 53948K, committed 54016K, reserved 1095680K
  class space    used 7254K, capacity 7671K, committed 7680K, reserved 1048576K
}
Event: 29.548 GC heap before
{Heap before GC invocations=18 (full 3):
 PSYoungGen      total 160768K, used 17429K [0x00000000e0000000, 0x00000000ebd00000, 0x0000000100000000)
  eden space 139776K, 0% used [0x00000000e0000000,0x00000000e0000000,0x00000000e8880000)
  from space 20992K, 83% used [0x00000000e8880000,0x00000000e9985728,0x00000000e9d00000)
  to   space 23040K, 0% used [0x00000000ea680000,0x00000000ea680000,0x00000000ebd00000)
 ParOldGen       total 97280K, used 31013K [0x00000000a0000000, 0x00000000a5f00000, 0x00000000e0000000)
  object space 97280K, 31% used [0x00000000a0000000,0x00000000a1e49598,0x00000000a5f00000)
 Metaspace       used 51963K, capacity 53948K, committed 54016K, reserved 1095680K
  class space    used 7254K, capacity 7671K, committed 7680K, reserved 1048576K
Event: 30.123 GC heap after
Heap after GC invocations=18 (full 3):
 PSYoungGen      total 160768K, used 0K [0x00000000e0000000, 0x00000000ebd00000, 0x0000000100000000)
  eden space 139776K, 0% used [0x00000000e0000000,0x00000000e0000000,0x00000000e8880000)
  from space 20992K, 0% used [0x00000000e8880000,0x00000000e8880000,0x00000000e9d00000)
  to   space 23040K, 0% used [0x00000000ea680000,0x00000000ea680000,0x00000000ebd00000)
 ParOldGen       total 97280K, used 40298K [0x00000000a0000000, 0x00000000a5f00000, 0x00000000e0000000)
  object space 97280K, 41% used [0x00000000a0000000,0x00000000a275aa60,0x00000000a5f00000)
 Metaspace       used 51963K, capacity 53948K, committed 54016K, reserved 1095680K
  class space    used 7254K, capacity 7671K, committed 7680K, reserved 1048576K
}
Event: 45.419 GC heap before
{Heap before GC invocations=19 (full 3):
 PSYoungGen      total 160768K, used 139776K [0x00000000e0000000, 0x00000000ebd00000, 0x0000000100000000)
  eden space 139776K, 100% used [0x00000000e0000000,0x00000000e8880000,0x00000000e8880000)
  from space 20992K, 0% used [0x00000000e8880000,0x00000000e8880000,0x00000000e9d00000)
  to   space 23040K, 0% used [0x00000000ea680000,0x00000000ea680000,0x00000000ebd00000)
 ParOldGen       total 97280K, used 40298K [0x00000000a0000000, 0x00000000a5f00000, 0x00000000e0000000)
  object space 97280K, 41% used [0x00000000a0000000,0x00000000a275aa60,0x00000000a5f00000)
 Metaspace       used 54684K, capacity 56766K, committed 56960K, reserved 1097728K
  class space    used 7554K, capacity 7978K, committed 8064K, reserved 1048576K
Event: 45.429 GC heap after
Heap after GC invocations=19 (full 3):
 PSYoungGen      total 171520K, used 7444K [0x00000000e0000000, 0x00000000ed280000, 0x0000000100000000)
  eden space 148480K, 0% used [0x00000000e0000000,0x00000000e0000000,0x00000000e9100000)
  from space 23040K, 32% used [0x00000000ea680000,0x00000000eadc51f0,0x00000000ebd00000)
  to   space 22016K, 0% used [0x00000000e9100000,0x00000000e9100000,0x00000000ea680000)
 ParOldGen       total 97280K, used 40306K [0x00000000a0000000, 0x00000000a5f00000, 0x00000000e0000000)
  object space 97280K, 41% used [0x00000000a0000000,0x00000000a275ca60,0x00000000a5f00000)
 Metaspace       used 54684K, capacity 56766K, committed 56960K, reserved 1097728K
  class space    used 7554K, capacity 7978K, committed 8064K, reserved 1048576K
}
Event: 463.867 GC heap before
{Heap before GC invocations=20 (full 3):
 PSYoungGen      total 171520K, used 155924K [0x00000000e0000000, 0x00000000ed280000, 0x0000000100000000)
  eden space 148480K, 100% used [0x00000000e0000000,0x00000000e9100000,0x00000000e9100000)
  from space 23040K, 32% used [0x00000000ea680000,0x00000000eadc51f0,0x00000000ebd00000)
  to   space 22016K, 0% used [0x00000000e9100000,0x00000000e9100000,0x00000000ea680000)
 ParOldGen       total 97280K, used 40306K [0x00000000a0000000, 0x00000000a5f00000, 0x00000000e0000000)
  object space 97280K, 41% used [0x00000000a0000000,0x00000000a275ca60,0x00000000a5f00000)
 Metaspace       used 57242K, capacity 59494K, committed 59648K, reserved 1099776K
  class space    used 7885K, capacity 8348K, committed 8448K, reserved 1048576K
Event: 463.880 GC heap after
Heap after GC invocations=20 (full 3):
 PSYoungGen      total 170496K, used 9234K [0x00000000e0000000, 0x00000000ed600000, 0x0000000100000000)
  eden space 148480K, 0% used [0x00000000e0000000,0x00000000e0000000,0x00000000e9100000)
  from space 22016K, 41% used [0x00000000e9100000,0x00000000e9a04820,0x00000000ea680000)
  to   space 21504K, 0% used [0x00000000ec100000,0x00000000ec100000,0x00000000ed600000)
 ParOldGen       total 97280K, used 40314K [0x00000000a0000000, 0x00000000a5f00000, 0x00000000e0000000)
  object space 97280K, 41% used [0x00000000a0000000,0x00000000a275ea60,0x00000000a5f00000)
 Metaspace       used 57242K, capacity 59494K, committed 59648K, reserved 1099776K
  class space    used 7885K, capacity 8348K, committed 8448K, reserved 1048576K
}
Event: 475.944 GC heap before
{Heap before GC invocations=21 (full 3):
 PSYoungGen      total 170496K, used 157714K [0x00000000e0000000, 0x00000000ed600000, 0x0000000100000000)
  eden space 148480K, 100% used [0x00000000e0000000,0x00000000e9100000,0x00000000e9100000)
  from space 22016K, 41% used [0x00000000e9100000,0x00000000e9a04820,0x00000000ea680000)
  to   space 21504K, 0% used [0x00000000ec100000,0x00000000ec100000,0x00000000ed600000)
 ParOldGen       total 97280K, used 40314K [0x00000000a0000000, 0x00000000a5f00000, 0x00000000e0000000)
  object space 97280K, 41% used [0x00000000a0000000,0x00000000a275ea60,0x00000000a5f00000)
 Metaspace       used 58556K, capacity 60874K, committed 61056K, reserved 1101824K
  class space    used 7999K, capacity 8486K, committed 8576K, reserved 1048576K

